TN:
SF:client/src/components/AdminMenu.js
FN:3,(anonymous_0)
FNF:1
FNH:1
FNDA:3,(anonymous_0)
DA:3,1
DA:4,3
LF:2
LH:2
BRF:0
BRH:0
end_of_record
TN:
SF:client/src/components/Footer.js
FN:4,(anonymous_0)
FNF:1
FNH:1
FNDA:3,(anonymous_0)
DA:4,1
DA:5,3
LF:2
LH:2
BRF:0
BRH:0
end_of_record
TN:
SF:client/src/components/Header.js
FN:10,(anonymous_0)
FN:14,(anonymous_1)
FN:63,(anonymous_2)
FNF:3
FNH:3
FNDA:10,(anonymous_0)
FNDA:1,(anonymous_1)
FNDA:10,(anonymous_2)
DA:10,1
DA:11,10
DA:12,10
DA:13,10
DA:14,10
DA:15,1
DA:20,1
DA:21,1
DA:23,10
DA:64,10
LF:10
LH:10
BRDA:76,0,0,2
BRDA:76,0,1,8
BRDA:105,1,0,2
BRDA:105,1,1,6
BRF:4
BRH:4
end_of_record
TN:
SF:client/src/components/Layout.js
FN:8,(anonymous_0)
FNF:1
FNH:1
FNDA:3,(anonymous_0)
DA:8,1
DA:9,3
DA:28,1
LF:3
LH:3
BRF:0
BRH:0
end_of_record
TN:
SF:client/src/components/Spinner.js
FN:3,(anonymous_0)
FN:8,(anonymous_1)
FN:9,(anonymous_2)
FN:10,(anonymous_3)
FN:15,(anonymous_4)
FNF:5
FNH:5
FNDA:8,(anonymous_0)
FNDA:8,(anonymous_1)
FNDA:5,(anonymous_2)
FNDA:5,(anonymous_3)
FNDA:8,(anonymous_4)
DA:3,1
DA:4,8
DA:5,8
DA:6,8
DA:8,8
DA:9,8
DA:10,5
DA:12,8
DA:15,8
DA:17,8
LF:10
LH:10
BRDA:3,0,0,8
BRDA:12,1,0,8
BRDA:12,1,1,1
BRF:3
BRH:3
end_of_record
TN:
SF:client/src/components/UserMenu.js
FN:3,(anonymous_0)
FNF:1
FNH:1
FNDA:3,(anonymous_0)
DA:3,1
DA:4,3
LF:2
LH:2
BRF:0
BRH:0
end_of_record
TN:
SF:client/src/components/Form/CategoryForm.js
FN:3,(anonymous_0)
FN:13,(anonymous_1)
FNF:2
FNH:2
FNDA:3,(anonymous_0)
FNDA:1,(anonymous_1)
DA:3,1
DA:4,3
DA:13,1
LF:3
LH:3
BRF:0
BRH:0
end_of_record
TN:
SF:client/src/components/Form/SearchInput.js
FN:5,(anonymous_0)
FN:9,(anonymous_1)
FN:30,(anonymous_2)
FNF:3
FNH:3
FNDA:3,(anonymous_0)
FNDA:1,(anonymous_1)
FNDA:1,(anonymous_2)
DA:5,1
DA:6,3
DA:7,3
DA:9,3
DA:10,1
DA:11,1
DA:12,1
DA:15,1
DA:16,1
DA:18,0
DA:21,3
DA:30,1
LF:12
LH:11
BRF:0
BRH:0
end_of_record
TN:
SF:client/src/components/Routes/Private.js
FN:7,PrivateRoute
FN:11,(anonymous_1)
FN:12,(anonymous_2)
FNF:3
FNH:3
FNDA:4,PrivateRoute
FNDA:3,(anonymous_1)
FNDA:2,(anonymous_2)
DA:8,4
DA:9,4
DA:11,4
DA:12,3
DA:13,2
DA:14,2
DA:15,1
DA:17,1
DA:20,3
DA:23,4
LF:10
LH:10
BRDA:14,0,0,1
BRDA:14,0,1,1
BRDA:20,1,0,2
BRDA:20,1,1,1
BRDA:23,2,0,1
BRDA:23,2,1,3
BRF:6
BRH:6
end_of_record
